<?xml version="1.0" encoding="UTF-8"?>
<!-- Generated by org.testng.reporters.JUnitReportReporter -->
<testsuite hostname="192.168.1.9" failures="0" tests="1" name="mavenproject1.TC_register" time="2.051" errors="0" timestamp="2024-11-12T20:09:02 IST" skipped="0">
  <testcase classname="mavenproject1.TC_register" name="registerTest" time="2.051"/>
  <system-out/>
</testsuite> <!-- mavenproject1.TC_register -->
