<?xml version="1.0" encoding="UTF-8"?>
<!-- Generated by org.testng.reporters.JUnitReportReporter -->
<testsuite hostname="krishnas-MacBook-Air.local" failures="0" tests="1" name="mavenproject1.SimpleTest" time="13.285" errors="0" timestamp="2024-12-15T20:12:42 IST" skipped="0">
  <testcase classname="mavenproject1.SimpleTest" name="simpleTest" time="13.285"/>
  <system-out/>
</testsuite> <!-- mavenproject1.SimpleTest -->
